0 info it worked if it ends with ok
1 verbose cli [ 'node', '/usr/local/bin/npm', 'install', 'chai-sinon' ]
2 info using npm@1.4.28
3 info using node@v0.10.33
4 verbose cache add [ 'chai-sinon', null ]
5 verbose cache add name=undefined spec="chai-sinon" args=["chai-sinon",null]
6 verbose parsed url { protocol: null,
6 verbose parsed url   slashes: null,
6 verbose parsed url   auth: null,
6 verbose parsed url   host: null,
6 verbose parsed url   port: null,
6 verbose parsed url   hostname: null,
6 verbose parsed url   hash: null,
6 verbose parsed url   search: null,
6 verbose parsed url   query: null,
6 verbose parsed url   pathname: 'chai-sinon',
6 verbose parsed url   path: 'chai-sinon',
6 verbose parsed url   href: 'chai-sinon' }
7 silly lockFile d76adaf1-chai-sinon chai-sinon
8 verbose lock chai-sinon /Users/cln/.npm/d76adaf1-chai-sinon.lock
9 silly lockFile d76adaf1-chai-sinon chai-sinon
10 silly lockFile d76adaf1-chai-sinon chai-sinon
11 verbose addNamed [ 'chai-sinon', '' ]
12 verbose addNamed [ null, '*' ]
13 silly lockFile 14b6045d-chai-sinon chai-sinon@
14 verbose lock chai-sinon@ /Users/cln/.npm/14b6045d-chai-sinon.lock
15 silly addNameRange { name: 'chai-sinon', range: '*', hasData: false }
16 verbose request where is /chai-sinon
17 verbose request registry https://registry.npmjs.org/
18 verbose request id b7f3061cdf9b06b9
19 verbose url raw /chai-sinon
20 verbose url resolving [ 'https://registry.npmjs.org/', './chai-sinon' ]
21 verbose url resolved https://registry.npmjs.org/chai-sinon
22 verbose request where is https://registry.npmjs.org/chai-sinon
23 info trying registry request attempt 1 at 15:07:21
24 http GET https://registry.npmjs.org/chai-sinon
25 http 404 https://registry.npmjs.org/chai-sinon
26 verbose headers { date: 'Fri, 06 Mar 2015 14:07:22 GMT',
26 verbose headers   server: 'CouchDB/1.5.0 (Erlang OTP/R16B03)',
26 verbose headers   'content-type': 'application/json',
26 verbose headers   'cache-control': 'max-age=0',
26 verbose headers   'content-length': '52',
26 verbose headers   'accept-ranges': 'bytes',
26 verbose headers   via: '1.1 varnish',
26 verbose headers   age: '0',
26 verbose headers   'x-served-by': 'cache-ams4145-AMS',
26 verbose headers   'x-cache': 'MISS',
26 verbose headers   'x-cache-hits': '0',
26 verbose headers   'x-timer': 'S1425650842.013024,VS0,VE376',
26 verbose headers   'keep-alive': 'timeout=10, max=50',
26 verbose headers   connection: 'Keep-Alive' }
27 silly registry.get cb [ 404,
27 silly registry.get   { date: 'Fri, 06 Mar 2015 14:07:22 GMT',
27 silly registry.get     server: 'CouchDB/1.5.0 (Erlang OTP/R16B03)',
27 silly registry.get     'content-type': 'application/json',
27 silly registry.get     'cache-control': 'max-age=0',
27 silly registry.get     'content-length': '52',
27 silly registry.get     'accept-ranges': 'bytes',
27 silly registry.get     via: '1.1 varnish',
27 silly registry.get     age: '0',
27 silly registry.get     'x-served-by': 'cache-ams4145-AMS',
27 silly registry.get     'x-cache': 'MISS',
27 silly registry.get     'x-cache-hits': '0',
27 silly registry.get     'x-timer': 'S1425650842.013024,VS0,VE376',
27 silly registry.get     'keep-alive': 'timeout=10, max=50',
27 silly registry.get     connection: 'Keep-Alive' } ]
28 silly lockFile 14b6045d-chai-sinon chai-sinon@
29 silly lockFile 14b6045d-chai-sinon chai-sinon@
30 error 404 404 Not Found: chai-sinon
30 error 404
30 error 404 'chai-sinon' is not in the npm registry.
30 error 404 You should bug the author to publish it
30 error 404
30 error 404 Note that you can also install from a
30 error 404 tarball, folder, or http url, or git url.
31 error System Darwin 14.3.0
32 error command "node" "/usr/local/bin/npm" "install" "chai-sinon"
33 error cwd /Users/cln/src/pet/bind
34 error node -v v0.10.33
35 error npm -v 1.4.28
36 error code E404
37 verbose exit [ 1, true ]
